e:\__teme\object-oriented programming (oop)\lab6-7_nou\lab6-7_nou\debug\vc142.pdb
e:\__teme\object-oriented programming (oop)\lab6-7_nou\lab6-7_nou\debug\vc142.idb
e:\__teme\object-oriented programming (oop)\lab6-7_nou\lab6-7_nou\debug\test.nativecodeanalysis.sarif
e:\__teme\object-oriented programming (oop)\lab6-7_nou\lab6-7_nou\debug\test.nativecodeanalysis.xml
e:\__teme\object-oriented programming (oop)\lab6-7_nou\lab6-7_nou\debug\service.nativecodeanalysis.sarif
e:\__teme\object-oriented programming (oop)\lab6-7_nou\lab6-7_nou\debug\service.nativecodeanalysis.xml
e:\__teme\object-oriented programming (oop)\lab6-7_nou\lab6-7_nou\debug\repo.nativecodeanalysis.sarif
e:\__teme\object-oriented programming (oop)\lab6-7_nou\lab6-7_nou\debug\repo.nativecodeanalysis.xml
e:\__teme\object-oriented programming (oop)\lab6-7_nou\lab6-7_nou\debug\ui.nativecodeanalysis.sarif
e:\__teme\object-oriented programming (oop)\lab6-7_nou\lab6-7_nou\debug\ui.nativecodeanalysis.xml
e:\__teme\object-oriented programming (oop)\lab6-7_nou\lab6-7_nou\debug\lab6-7.nativecodeanalysis.sarif
e:\__teme\object-oriented programming (oop)\lab6-7_nou\lab6-7_nou\debug\lab6-7.nativecodeanalysis.xml
e:\__teme\object-oriented programming (oop)\lab6-7_nou\lab6-7_nou\debug\dynamicarray.nativecodeanalysis.sarif
e:\__teme\object-oriented programming (oop)\lab6-7_nou\lab6-7_nou\debug\dynamicarray.nativecodeanalysis.xml
e:\__teme\object-oriented programming (oop)\lab6-7_nou\lab6-7_nou\debug\dynamicarray.obj
e:\__teme\object-oriented programming (oop)\lab6-7_nou\lab6-7_nou\debug\lab6-7.obj
e:\__teme\object-oriented programming (oop)\lab6-7_nou\lab6-7_nou\debug\ui.obj
e:\__teme\object-oriented programming (oop)\lab6-7_nou\lab6-7_nou\debug\repo.obj
e:\__teme\object-oriented programming (oop)\lab6-7_nou\lab6-7_nou\debug\service.obj
e:\__teme\object-oriented programming (oop)\lab6-7_nou\lab6-7_nou\debug\test.obj
e:\__teme\object-oriented programming (oop)\lab6-7_nou\lab6-7_nou\debug\validator.nativecodeanalysis.sarif
e:\__teme\object-oriented programming (oop)\lab6-7_nou\lab6-7_nou\debug\validator.nativecodeanalysis.xml
e:\__teme\object-oriented programming (oop)\lab6-7_nou\lab6-7_nou\debug\utils.nativecodeanalysis.sarif
e:\__teme\object-oriented programming (oop)\lab6-7_nou\lab6-7_nou\debug\utils.nativecodeanalysis.xml
e:\__teme\object-oriented programming (oop)\lab6-7_nou\lab6-7_nou\debug\domain.nativecodeanalysis.sarif
e:\__teme\object-oriented programming (oop)\lab6-7_nou\lab6-7_nou\debug\domain.nativecodeanalysis.xml
e:\__teme\object-oriented programming (oop)\lab6-7_nou\lab6-7_nou\debug\domain.obj
e:\__teme\object-oriented programming (oop)\lab6-7_nou\lab6-7_nou\debug\utils.obj
e:\__teme\object-oriented programming (oop)\lab6-7_nou\lab6-7_nou\debug\validator.obj
e:\__teme\object-oriented programming (oop)\lab6-7_nou\debug\lab6-7_nou.exe
e:\__teme\object-oriented programming (oop)\lab6-7_nou\debug\lab6-7_nou.ilk
e:\__teme\object-oriented programming (oop)\lab6-7_nou\debug\lab6-7_nou.pdb
e:\__teme\object-oriented programming (oop)\lab6-7_nou\lab6-7_nou\debug\vc.nativecodeanalysis.all.xml
e:\__teme\object-oriented programming (oop)\lab6-7_nou\lab6-7_nou\debug\lab6-7_nou.tlog\cl.command.1.tlog
e:\__teme\object-oriented programming (oop)\lab6-7_nou\lab6-7_nou\debug\lab6-7_nou.tlog\cl.read.1.tlog
e:\__teme\object-oriented programming (oop)\lab6-7_nou\lab6-7_nou\debug\lab6-7_nou.tlog\cl.write.1.tlog
e:\__teme\object-oriented programming (oop)\lab6-7_nou\lab6-7_nou\debug\lab6-7_nou.tlog\link.command.1.tlog
e:\__teme\object-oriented programming (oop)\lab6-7_nou\lab6-7_nou\debug\lab6-7_nou.tlog\link.read.1.tlog
e:\__teme\object-oriented programming (oop)\lab6-7_nou\lab6-7_nou\debug\lab6-7_nou.tlog\link.write.1.tlog
